Iter     Function value   Gradient norm 
     0    -2.141456e+00     7.326544e-03
 * time: 0.02198505401611328
    Energy Error: 0.038817023484581714

     1    -2.141515e+00     2.991585e-02
 * time: 6.523275136947632
     2    -2.141536e+00     4.880866e-03
 * time: 9.14574122428894
     3    -2.141551e+00     9.861495e-03
 * time: 11.780201196670532
     4    -2.141590e+00     7.471711e-03
 * time: 14.45895504951477
     5    -2.141594e+00     7.449718e-03
 * time: 17.22127103805542
     6    -2.141628e+00     4.575448e-03
 * time: 22.78915500640869
     7    -2.141711e+00     4.509579e-03
 * time: 25.72499418258667
     8    -2.141720e+00     4.556379e-03
 * time: 42.43470120429993
     9    -2.141737e+00     4.786919e-03
 * time: 59.13610911369324
    10    -2.141769e+00     4.387172e-03
 * time: 81.38151621818542
    11    -2.141791e+00     3.954505e-03
 * time: 114.6703131198883
    12    -2.141818e+00     3.999572e-03
 * time: 120.10551023483276
    13    -2.141928e+00     3.449220e-03
 * time: 125.6730751991272
    14    -2.141984e+00     3.120982e-02
 * time: 131.21611618995667
    15    -2.142010e+00     2.466268e-02
 * time: 136.7806680202484
    16    -2.142047e+00     2.158179e-02
 * time: 145.09053301811218
    17    -2.142067e+00     1.171057e-02
 * time: 158.8825352191925
    18    -2.142092e+00     7.796466e-03
 * time: 183.72469401359558
    19    -2.142097e+00     5.640812e-03
 * time: 261.2136080265045
    20    -2.142109e+00     1.268602e-02
 * time: 280.52435421943665
    21    -2.142109e+00     1.276727e-02
 * time: 349.4931471347809
Linesearch excessively difficult
    Energy Error: 0.03812419610242035

