Iter     Function value   Gradient norm 
     0    -3.152985e+00     5.225656e-03
 * time: 0.02149200439453125
    Energy Error: 0.09177930221126429

     1    -3.153077e+00     3.151831e-03
 * time: 537.3660399913788
     2    -3.153129e+00     1.813561e-03
 * time: 804.4430921077728
     3    -3.153170e+00     1.497946e-03
 * time: 1072.2833859920502
     4    -3.153199e+00     1.554121e-03
 * time: 1340.054202079773
     5    -3.153235e+00     1.676093e-03
 * time: 1608.4744579792023
     6    -3.153285e+00     1.737551e-03
 * time: 1875.371757030487
     7    -3.153312e+00     3.772758e-03
 * time: 2143.143548965454
     8    -3.153361e+00     1.429568e-03
 * time: 2410.6825320720673
     9    -3.153387e+00     1.229300e-03
 * time: 2678.28111410141
    10    -3.153413e+00     1.310188e-03
 * time: 2946.7110691070557
    11    -3.153419e+00     4.517947e-03
 * time: 3213.8439090251923

signal (15): Terminated
in expression starting at /home/kmsherbert/HPCJobs/RealWindowedPulse/start.jl:29
jl_get_pgcstack_static at julia (unknown line)
jl_apply_generic at /buildworker/worker/package_linux64/build/src/gf.c:2424
partial at /home/kmsherbert/.julia/packages/CtrlVQE/hCAH7/src/Signals.jl:175
unknown function (ip: 0x2aaac78ff46f)
_jl_invoke at /buildworker/worker/package_linux64/build/src/gf.c:2247 [inlined]
jl_apply_generic at /buildworker/worker/package_linux64/build/src/gf.c:2429
partial at /home/kmsherbert/.julia/packages/CtrlVQE/hCAH7/src/Signals.jl:284
#3 at ./none:0 [inlined]
iterate at ./generator.jl:47 [inlined]
collect_to! at ./array.jl:782
collect_to_with_first! at ./array.jl:760
unknown function (ip: 0x2aaac78ffb53)
_jl_invoke at /buildworker/worker/package_linux64/build/src/gf.c:2247 [inlined]
jl_apply_generic at /buildworker/worker/package_linux64/build/src/gf.c:2429
collect at ./array.jl:734
partial at /home/kmsherbert/.julia/packages/CtrlVQE/hCAH7/src/Signals.jl:23 [inlined]
gradient at /home/kmsherbert/.julia/packages/CtrlVQE/hCAH7/src/devices/TransmonDevices.jl:168
GradientFunction at /home/kmsherbert/.julia/packages/CtrlVQE/hCAH7/src/costfns/ProjectedEnergy.jl:129
unknown function (ip: 0x2aaac78dba66)
_jl_invoke at /buildworker/worker/package_linux64/build/src/gf.c:2247 [inlined]
jl_apply_generic at /buildworker/worker/package_linux64/build/src/gf.c:2429
ArbitraryGradientFunction at /home/kmsherbert/.julia/packages/CtrlVQE/hCAH7/src/CostFunctions.jl:30
unknown function (ip: 0x2aaac78d6ad9)
_jl_invoke at /buildworker/worker/package_linux64/build/src/gf.c:2247 [inlined]
jl_apply_generic at /buildworker/worker/package_linux64/build/src/gf.c:2429
CompositeGradientFunction at /home/kmsherbert/.julia/packages/CtrlVQE/hCAH7/src/CostFunctions.jl:76
fg! at /home/kmsherbert/.julia/packages/NLSolversBase/kavn7/src/objective_types/abstract.jl:13
unknown function (ip: 0x2aaac78d6a17)
_jl_invoke at /buildworker/worker/package_linux64/build/src/gf.c:2247 [inlined]
jl_apply_generic at /buildworker/worker/package_linux64/build/src/gf.c:2429
value_gradient!! at /home/kmsherbert/.julia/packages/NLSolversBase/kavn7/src/interface.jl:82
value_gradient! at /home/kmsherbert/.julia/packages/NLSolversBase/kavn7/src/interface.jl:69
unknown function (ip: 0x2aaac78ce3b9)
_jl_invoke at /buildworker/worker/package_linux64/build/src/gf.c:2247 [inlined]
jl_apply_generic at /buildworker/worker/package_linux64/build/src/gf.c:2429
value_gradient! at /home/kmsherbert/.julia/packages/Optim/29per/src/Manifolds.jl:50
ϕdϕ at /home/kmsherbert/.julia/packages/LineSearches/G1LRk/src/LineSearches.jl:35
MoreThuente at /home/kmsherbert/.julia/packages/LineSearches/G1LRk/src/morethuente.jl:226
MoreThuente at /home/kmsherbert/.julia/packages/LineSearches/G1LRk/src/morethuente.jl:154 [inlined]
perform_linesearch! at /home/kmsherbert/.julia/packages/Optim/29per/src/utilities/perform_linesearch.jl:59
update_state! at /home/kmsherbert/.julia/packages/Optim/29per/src/multivariate/solvers/first_order/l_bfgs.jl:204
optimize at /home/kmsherbert/.julia/packages/Optim/29per/src/multivariate/optimize/optimize.jl:54
optimize at /home/kmsherbert/.julia/packages/Optim/29per/src/multivariate/optimize/optimize.jl:36 [inlined]
#optimize#91 at /home/kmsherbert/.julia/packages/Optim/29per/src/multivariate/optimize/interface.jl:156 [inlined]
optimize at /home/kmsherbert/.julia/packages/Optim/29per/src/multivariate/optimize/interface.jl:154
unknown function (ip: 0x2aaac78d5658)
_jl_invoke at /buildworker/worker/package_linux64/build/src/gf.c:2247 [inlined]
jl_apply_generic at /buildworker/worker/package_linux64/build/src/gf.c:2429
run_optimization at /home/kmsherbert/HPCJobs/RealWindowedPulse/src/RealWindowedPulse.jl:274
_jl_invoke at /buildworker/worker/package_linux64/build/src/gf.c:2247 [inlined]
jl_apply_generic at /buildworker/worker/package_linux64/build/src/gf.c:2429
jl_apply at /buildworker/worker/package_linux64/build/src/julia.h:1788 [inlined]
do_call at /buildworker/worker/package_linux64/build/src/interpreter.c:126
eval_value at /buildworker/worker/package_linux64/build/src/interpreter.c:215
eval_stmt_value at /buildworker/worker/package_linux64/build/src/interpreter.c:166 [inlined]
eval_body at /buildworker/worker/package_linux64/build/src/interpreter.c:587
jl_interpret_toplevel_thunk at /buildworker/worker/package_linux64/build/src/interpreter.c:731
jl_toplevel_eval_flex at /buildworker/worker/package_linux64/build/src/toplevel.c:885
jl_toplevel_eval_flex at /buildworker/worker/package_linux64/build/src/toplevel.c:830
jl_toplevel_eval_in at /buildworker/worker/package_linux64/build/src/toplevel.c:944
eval at ./boot.jl:373 [inlined]
include_string at ./loading.jl:1196
_jl_invoke at /buildworker/worker/package_linux64/build/src/gf.c:2247 [inlined]
jl_apply_generic at /buildworker/worker/package_linux64/build/src/gf.c:2429
_include at ./loading.jl:1253
include at ./Base.jl:418
_jl_invoke at /buildworker/worker/package_linux64/build/src/gf.c:2247 [inlined]
jl_apply_generic at /buildworker/worker/package_linux64/build/src/gf.c:2429
exec_options at ./client.jl:292
_start at ./client.jl:495
jfptr__start_38732.clone_1 at /apps/easybuild/software/tinkercliffs-rome/Julia/1.7.2-linux-x86_64/lib/julia/sys.so (unknown line)
_jl_invoke at /buildworker/worker/package_linux64/build/src/gf.c:2247 [inlined]
jl_apply_generic at /buildworker/worker/package_linux64/build/src/gf.c:2429
jl_apply at /buildworker/worker/package_linux64/build/src/julia.h:1788 [inlined]
true_main at /buildworker/worker/package_linux64/build/src/jlapi.c:559
jl_repl_entrypoint at /buildworker/worker/package_linux64/build/src/jlapi.c:701
main at julia (unknown line)
__libc_start_main at /lib64/libc.so.6 (unknown line)
unknown function (ip: 0x400808)
unknown function (ip: (nil))
Allocations: 34175814911 (Pool: 34171621986; Big: 4192925); GC: 4819
