Iter     Function value   Gradient norm 
     0    -1.116151e+00     5.348197e-02
 * time: 0.021773099899291992
    Energy Error: 0.020965618407128295

     1    -1.121679e+00     3.851025e-02
 * time: 1.240199089050293
     2    -1.124679e+00     3.093320e-02
 * time: 1.2452270984649658
     3    -1.131191e+00     2.304395e-02
 * time: 1.2803139686584473
     4    -1.131869e+00     2.121938e-02
 * time: 1.3204009532928467
     5    -1.132018e+00     1.986497e-02
 * time: 1.370548963546753
     6    -1.134520e+00     1.506552e-02
 * time: 1.4345331192016602
     7    -1.134722e+00     1.475262e-02
 * time: 1.5143909454345703
     8    -1.134963e+00     1.867102e-02
 * time: 1.5395469665527344
     9    -1.134973e+00     2.243141e-02
 * time: 1.6817600727081299
    10    -1.136049e+00     1.000153e-02
 * time: 1.7426481246948242
    11    -1.136065e+00     9.692235e-03
 * time: 1.859969139099121
Linesearch excessively difficult
    Energy Error: 0.0010048295140010488

