Iter     Function value   Gradient norm 
     0    -1.116151e+00     6.840121e-02
 * time: 0.03758406639099121
    Energy Error: 0.02096561840712785

     1    -1.133009e+00     1.721683e-02
 * time: 1.4054291248321533
     2    -1.134144e+00     1.498286e-02
 * time: 1.4888131618499756
     3    -1.136082e+00     1.993237e-02
 * time: 1.5741159915924072
     4    -1.136996e+00     2.953592e-03
 * time: 1.7268359661102295
     5    -1.137111e+00     2.239360e-04
 * time: 1.8089430332183838
     6    -1.137112e+00     8.498797e-05
 * time: 1.8807520866394043
     7    -1.137112e+00     7.198739e-05
 * time: 1.9620800018310547
     8    -1.137113e+00     1.144128e-04
 * time: 2.045797109603882
     9    -1.137114e+00     2.268036e-04
 * time: 2.118687152862549
    10    -1.137115e+00     2.562863e-04
 * time: 2.1996049880981445
    11    -1.137117e+00     1.303778e-04
 * time: 2.2823290824890137
    12    -1.137117e+00     1.285305e-04
 * time: 2.4362189769744873
    13    -1.137117e+00     2.704568e-05
 * time: 2.5199379920959473
    14    -1.137117e+00     2.235471e-05
 * time: 2.5928430557250977
    15    -1.137117e+00     3.447990e-05
 * time: 2.674636125564575
    16    -1.137117e+00     3.101391e-05
 * time: 2.7575771808624268
    17    -1.137117e+00     3.860268e-05
 * time: 2.829813003540039
    18    -1.137117e+00     6.964889e-05
 * time: 2.9119210243225098
    19    -1.137117e+00     2.725215e-05
 * time: 2.995311975479126
    20    -1.137117e+00     6.730412e-06
 * time: 3.0680911540985107
    21    -1.137117e+00     2.142816e-06
 * time: 3.150038003921509
    22    -1.137117e+00     1.262861e-06
 * time: 3.233558177947998
    23    -1.137117e+00     1.042463e-06
 * time: 3.3063511848449707
    24    -1.137117e+00     4.142906e-07
 * time: 3.3879590034484863
    Energy Error: 8.22675261247241e-13

