Iter     Function value   Gradient norm 
     0    -2.124260e+00     3.611565e-02
 * time: 0.023701906204223633

signal (15): Terminated
in expression starting at /home/kmsherbert/HPCJobs/RealWindowedPulse/start.jl:29
jl_get_pgcstack_static at julia (unknown line)
jl_apply_generic at /buildworker/worker/package_linux64/build/src/gf.c:2424
partial at /home/kmsherbert/.julia/packages/CtrlVQE/hCAH7/src/Signals.jl:176
unknown function (ip: 0x2aaac7927c1f)
_jl_invoke at /buildworker/worker/package_linux64/build/src/gf.c:2247 [inlined]
jl_apply_generic at /buildworker/worker/package_linux64/build/src/gf.c:2429
partial at /home/kmsherbert/.julia/packages/CtrlVQE/hCAH7/src/Signals.jl:284
#3 at ./none:0 [inlined]
iterate at ./generator.jl:47 [inlined]
collect_to! at ./array.jl:782
collect_to_with_first! at ./array.jl:760
unknown function (ip: 0x2aaac7928303)
_jl_invoke at /buildworker/worker/package_linux64/build/src/gf.c:2247 [inlined]
jl_apply_generic at /buildworker/worker/package_linux64/build/src/gf.c:2429
collect at ./array.jl:734
partial at /home/kmsherbert/.julia/packages/CtrlVQE/hCAH7/src/Signals.jl:23 [inlined]
gradient at /home/kmsherbert/.julia/packages/CtrlVQE/hCAH7/src/devices/TransmonDevices.jl:168
GradientFunction at /home/kmsherbert/.julia/packages/CtrlVQE/hCAH7/src/costfns/ProjectedEnergy.jl:129
unknown function (ip: 0x2aaac78f0836)
_jl_invoke at /buildworker/worker/package_linux64/build/src/gf.c:2247 [inlined]
jl_apply_generic at /buildworker/worker/package_linux64/build/src/gf.c:2429
ArbitraryGradientFunction at /home/kmsherbert/.julia/packages/CtrlVQE/hCAH7/src/CostFunctions.jl:30
unknown function (ip: 0x2aaac78eb8a9)
_jl_invoke at /buildworker/worker/package_linux64/build/src/gf.c:2247 [inlined]
jl_apply_generic at /buildworker/worker/package_linux64/build/src/gf.c:2429
CompositeGradientFunction at /home/kmsherbert/.julia/packages/CtrlVQE/hCAH7/src/CostFunctions.jl:76
fg! at /home/kmsherbert/.julia/packages/NLSolversBase/kavn7/src/objective_types/abstract.jl:13
unknown function (ip: 0x2aaac78eb7e7)
_jl_invoke at /buildworker/worker/package_linux64/build/src/gf.c:2247 [inlined]
jl_apply_generic at /buildworker/worker/package_linux64/build/src/gf.c:2429
value_gradient!! at /home/kmsherbert/.julia/packages/NLSolversBase/kavn7/src/interface.jl:82
value_gradient! at /home/kmsherbert/.julia/packages/NLSolversBase/kavn7/src/interface.jl:69
unknown function (ip: 0x2aaac78e8b39)
_jl_invoke at /buildworker/worker/package_linux64/build/src/gf.c:2247 [inlined]
jl_apply_generic at /buildworker/worker/package_linux64/build/src/gf.c:2429
value_gradient! at /home/kmsherbert/.julia/packages/Optim/29per/src/Manifolds.jl:50
ϕdϕ at /home/kmsherbert/.julia/packages/LineSearches/G1LRk/src/LineSearches.jl:35
MoreThuente at /home/kmsherbert/.julia/packages/LineSearches/G1LRk/src/morethuente.jl:284
MoreThuente at /home/kmsherbert/.julia/packages/LineSearches/G1LRk/src/morethuente.jl:154 [inlined]
perform_linesearch! at /home/kmsherbert/.julia/packages/Optim/29per/src/utilities/perform_linesearch.jl:59
update_state! at /home/kmsherbert/.julia/packages/Optim/29per/src/multivariate/solvers/first_order/l_bfgs.jl:204
optimize at /home/kmsherbert/.julia/packages/Optim/29per/src/multivariate/optimize/optimize.jl:54
optimize at /home/kmsherbert/.julia/packages/Optim/29per/src/multivariate/optimize/optimize.jl:36 [inlined]
#optimize#91 at /home/kmsherbert/.julia/packages/Optim/29per/src/multivariate/optimize/interface.jl:156 [inlined]
optimize at /home/kmsherbert/.julia/packages/Optim/29per/src/multivariate/optimize/interface.jl:154
unknown function (ip: 0x2aaac78ea428)
_jl_invoke at /buildworker/worker/package_linux64/build/src/gf.c:2247 [inlined]
jl_apply_generic at /buildworker/worker/package_linux64/build/src/gf.c:2429
run_optimization at /home/kmsherbert/HPCJobs/RealWindowedPulse/src/RealWindowedPulse.jl:274
_jl_invoke at /buildworker/worker/package_linux64/build/src/gf.c:2247 [inlined]
jl_apply_generic at /buildworker/worker/package_linux64/build/src/gf.c:2429
jl_apply at /buildworker/worker/package_linux64/build/src/julia.h:1788 [inlined]
do_call at /buildworker/worker/package_linux64/build/src/interpreter.c:126
eval_value at /buildworker/worker/package_linux64/build/src/interpreter.c:215
eval_stmt_value at /buildworker/worker/package_linux64/build/src/interpreter.c:166 [inlined]
eval_body at /buildworker/worker/package_linux64/build/src/interpreter.c:587
jl_interpret_toplevel_thunk at /buildworker/worker/package_linux64/build/src/interpreter.c:731
jl_toplevel_eval_flex at /buildworker/worker/package_linux64/build/src/toplevel.c:885
jl_toplevel_eval_flex at /buildworker/worker/package_linux64/build/src/toplevel.c:830
jl_toplevel_eval_in at /buildworker/worker/package_linux64/build/src/toplevel.c:944
eval at ./boot.jl:373 [inlined]
include_string at ./loading.jl:1196
_jl_invoke at /buildworker/worker/package_linux64/build/src/gf.c:2247 [inlined]
jl_apply_generic at /buildworker/worker/package_linux64/build/src/gf.c:2429
_include at ./loading.jl:1253
include at ./Base.jl:418
_jl_invoke at /buildworker/worker/package_linux64/build/src/gf.c:2247 [inlined]
jl_apply_generic at /buildworker/worker/package_linux64/build/src/gf.c:2429
exec_options at ./client.jl:292
_start at ./client.jl:495
jfptr__start_38732.clone_1 at /apps/easybuild/software/tinkercliffs-rome/Julia/1.7.2-linux-x86_64/lib/julia/sys.so (unknown line)
_jl_invoke at /buildworker/worker/package_linux64/build/src/gf.c:2247 [inlined]
jl_apply_generic at /buildworker/worker/package_linux64/build/src/gf.c:2429
jl_apply at /buildworker/worker/package_linux64/build/src/julia.h:1788 [inlined]
true_main at /buildworker/worker/package_linux64/build/src/jlapi.c:559
jl_repl_entrypoint at /buildworker/worker/package_linux64/build/src/jlapi.c:701
main at julia (unknown line)
__libc_start_main at /lib64/libc.so.6 (unknown line)
unknown function (ip: 0x400808)
unknown function (ip: (nil))
Allocations: 50864660658 (Pool: 50863268832; Big: 1391826); GC: 18334
    Energy Error: 0.0560568753501558

